[debug] [2017-12-13T15:35:35.497Z] ----------------------------------------------------------------------
[debug] [2017-12-13T15:35:35.503Z] Command:       C:\Program Files\nodejs\node.exe C:\Users\monis.q\AppData\Roaming\npm\node_modules\firebase-tools\bin\firebase use --add --project project-569052358057
[debug] [2017-12-13T15:35:35.503Z] CLI Version:   3.16.0
[debug] [2017-12-13T15:35:35.503Z] Platform:      win32
[debug] [2017-12-13T15:35:35.503Z] Node Version:  v6.11.1
[debug] [2017-12-13T15:35:35.505Z] Time:          Wed Dec 13 2017 21:05:35 GMT+0530 (India Standard Time)
[debug] [2017-12-13T15:35:35.505Z] ----------------------------------------------------------------------
[debug] 
[debug] [2017-12-13T15:35:35.523Z] > command requires scopes: ["email","openid","https://www.googleapis.com/auth/cloudplatformprojects.readonly","https://www.googleapis.com/auth/firebase"]
[debug] [2017-12-13T15:35:35.523Z] > authorizing via signed-in user
[debug] [2017-12-13T15:35:35.541Z] >>> HTTP REQUEST GET https://admin.firebase.com/v1/projects  
  
 Wed Dec 13 2017 21:05:35 GMT+0530 (India Standard Time)
[debug] [2017-12-13T15:35:37.842Z] <<< HTTP RESPONSE 200
[debug] [2017-12-13T15:35:42.998Z] TypeError: Cannot read property 'short' of undefined
    at Prompt.render (C:\Users\monis.q\AppData\Roaming\npm\node_modules\firebase-tools\node_modules\inquirer\lib\prompts\list.js:94:69)
    at Prompt.onSubmit (C:\Users\monis.q\AppData\Roaming\npm\node_modules\firebase-tools\node_modules\inquirer\lib\prompts\list.js:116:8)
    at AnonymousObserver.Rx.AnonymousObserver.AnonymousObserver.next (C:\Users\monis.q\AppData\Roaming\npm\node_modules\firebase-tools\node_modules\rx-lite\rx.lite.js:1535:12)
    at AnonymousObserver.Rx.internals.AbstractObserver.AbstractObserver.onNext (C:\Users\monis.q\AppData\Roaming\npm\node_modules\firebase-tools\node_modules\rx-lite\rx.lite.js:1469:31)
    at AnonymousObserver.tryCatcher (C:\Users\monis.q\AppData\Roaming\npm\node_modules\firebase-tools\node_modules\rx-lite\rx.lite.js:63:31)
    at AutoDetachObserverPrototype.next (C:\Users\monis.q\AppData\Roaming\npm\node_modules\firebase-tools\node_modules\rx-lite\rx.lite.js:5782:51)
    at AutoDetachObserver.Rx.internals.AbstractObserver.AbstractObserver.onNext (C:\Users\monis.q\AppData\Roaming\npm\node_modules\firebase-tools\node_modules\rx-lite\rx.lite.js:1469:31)
    at AnonymousObserver._onNext (C:\Users\monis.q\AppData\Roaming\npm\node_modules\firebase-tools\node_modules\rx-lite\rx.lite.js:4234:13)
    at AnonymousObserver.Rx.AnonymousObserver.AnonymousObserver.next (C:\Users\monis.q\AppData\Roaming\npm\node_modules\firebase-tools\node_modules\rx-lite\rx.lite.js:1535:12)
    at AnonymousObserver.Rx.internals.AbstractObserver.AbstractObserver.onNext (C:\Users\monis.q\AppData\Roaming\npm\node_modules\firebase-tools\node_modules\rx-lite\rx.lite.js:1469:31)
[error] 
[error] Error: An unexpected error has occurred.
